<?xml version="1.0" encoding="UTF-8"?>
<testng-results ignored="0" total="1" passed="1" failed="0" skipped="0">
  <reporter-output>
    <line>
      <![CDATA[Launching Browser]]>
    </line>
    <line>
      <![CDATA[clicking on gender button]]>
    </line>
    <line>
      <![CDATA[clicking on next button]]>
    </line>
    <line>
      <![CDATA[Handeling age drop down]]>
    </line>
    <line>
      <![CDATA[Reading data from excel sheet]]>
    </line>
    <line>
      <![CDATA[clicking on next button]]>
    </line>
    <line>
      <![CDATA[Entering pin code]]>
    </line>
    <line>
      <![CDATA[Reading data from excel sheet]]>
    </line>
    <line>
      <![CDATA[Entering mobile num]]>
    </line>
    <line>
      <![CDATA[Reading data from excel sheet]]>
    </line>
    <line>
      <![CDATA[clicking on continue button]]>
    </line>
    <line>
      <![CDATA[Fetching number of results from text]]>
    </line>
    <line>
      <![CDATA[Fetching number of results from banners]]>
    </line>
    <line>
      <![CDATA[TC is passed]]>
    </line>
    <line>
      <![CDATA[Taking screenshot]]>
    </line>
    <line>
      <![CDATA[Saved screenshot at E:\Testing+TCID_2024.01.16.23.59.49.png]]>
    </line>
  </reporter-output>
  <suite started-at="2024-01-16T23:59:20 IST" name="Default suite" finished-at="2024-01-16T23:59:52 IST" duration-ms="32104">
    <groups>
    </groups>
    <test started-at="2024-01-16T23:59:20 IST" name="Default test" finished-at="2024-01-16T23:59:52 IST" duration-ms="32104">
      <class name="coverFoxTest.CF_TC555_Validate_search_results_for_healthcare_policies">
        <test-method is-config="true" signature="launchBrowser()[pri:0, instance:coverFoxTest.CF_TC555_Validate_search_results_for_healthcare_policies@13c9d689]" started-at="2024-01-16T23:59:20 IST" name="launchBrowser" finished-at="2024-01-16T23:59:28 IST" duration-ms="8283" status="PASS">
          <reporter-output>
            <line>
              <![CDATA[Launching Browser]]>
            </line>
          </reporter-output>
        </test-method> <!-- launchBrowser -->
        <test-method is-config="true" signature="enterMemberDetails()[pri:0, instance:coverFoxTest.CF_TC555_Validate_search_results_for_healthcare_policies@13c9d689]" started-at="2024-01-16T23:59:28 IST" name="enterMemberDetails" finished-at="2024-01-16T23:59:36 IST" duration-ms="7352" status="PASS">
          <reporter-output>
            <line>
              <![CDATA[clicking on gender button]]>
            </line>
            <line>
              <![CDATA[clicking on next button]]>
            </line>
            <line>
              <![CDATA[Handeling age drop down]]>
            </line>
            <line>
              <![CDATA[Reading data from excel sheet]]>
            </line>
            <line>
              <![CDATA[clicking on next button]]>
            </line>
            <line>
              <![CDATA[Entering pin code]]>
            </line>
            <line>
              <![CDATA[Reading data from excel sheet]]>
            </line>
            <line>
              <![CDATA[Entering mobile num]]>
            </line>
            <line>
              <![CDATA[Reading data from excel sheet]]>
            </line>
            <line>
              <![CDATA[clicking on continue button]]>
            </line>
          </reporter-output>
        </test-method> <!-- enterMemberDetails -->
        <test-method signature="validateTestPlansFromTextAndBanners()[pri:0, instance:coverFoxTest.CF_TC555_Validate_search_results_for_healthcare_policies@13c9d689]" started-at="2024-01-16T23:59:36 IST" name="validateTestPlansFromTextAndBanners" finished-at="2024-01-16T23:59:49 IST" duration-ms="13418" status="PASS">
          <reporter-output>
            <line>
              <![CDATA[Fetching number of results from text]]>
            </line>
            <line>
              <![CDATA[Fetching number of results from banners]]>
            </line>
            <line>
              <![CDATA[TC is passed]]>
            </line>
            <line>
              <![CDATA[Taking screenshot]]>
            </line>
            <line>
              <![CDATA[Saved screenshot at E:\Testing+TCID_2024.01.16.23.59.49.png]]>
            </line>
          </reporter-output>
        </test-method> <!-- validateTestPlansFromTextAndBanners -->
        <test-method is-config="true" signature="closeBrowser()[pri:0, instance:coverFoxTest.CF_TC555_Validate_search_results_for_healthcare_policies@13c9d689]" started-at="2024-01-16T23:59:49 IST" name="closeBrowser" finished-at="2024-01-16T23:59:52 IST" duration-ms="3006" status="PASS">
          <reporter-output>
          </reporter-output>
        </test-method> <!-- closeBrowser -->
      </class> <!-- coverFoxTest.CF_TC555_Validate_search_results_for_healthcare_policies -->
    </test> <!-- Default test -->
  </suite> <!-- Default suite -->
</testng-results>
